0 info it worked if it ends with ok
1 verbose cli [ '/usr/local/Cellar/node/6.1.0/bin/node',
1 verbose cli   '/usr/local/bin/npm',
1 verbose cli   'run',
1 verbose cli   'deploy' ]
2 info using npm@3.8.6
3 info using node@v6.1.0
4 verbose run-script [ 'predeploy', 'deploy', 'postdeploy' ]
5 info lifecycle @~predeploy: @
6 silly lifecycle @~predeploy: no script for predeploy, continuing
7 info lifecycle @~deploy: @
8 verbose lifecycle @~deploy: unsafe-perm in lifecycle true
9 verbose lifecycle @~deploy: PATH: /usr/local/lib/node_modules/npm/bin/node-gyp-bin:/Users/V/Documents/code/6.3-backbone-contacts/node_modules/.bin:/usr/local/Cellar/node/6.1.0/bin:/usr/local/bin:/usr/bin:/bin:/usr/sbin:/sbin
10 verbose lifecycle @~deploy: CWD: /Users/V/Documents/code/6.3-backbone-contacts
11 silly lifecycle @~deploy: Args: [ '-c',
11 silly lifecycle   'npm run build && git-directory-deploy --directory dist/ && npm run deploy:done' ]
12 silly lifecycle @~deploy: Returned: code: 128  signal: null
13 info lifecycle @~deploy: Failed to exec deploy script
14 verbose stack Error: @ deploy: `npm run build && git-directory-deploy --directory dist/ && npm run deploy:done`
14 verbose stack Exit status 128
14 verbose stack     at EventEmitter.<anonymous> (/usr/local/lib/node_modules/npm/lib/utils/lifecycle.js:239:16)
14 verbose stack     at emitTwo (events.js:106:13)
14 verbose stack     at EventEmitter.emit (events.js:191:7)
14 verbose stack     at ChildProcess.<anonymous> (/usr/local/lib/node_modules/npm/lib/utils/spawn.js:24:14)
14 verbose stack     at emitTwo (events.js:106:13)
14 verbose stack     at ChildProcess.emit (events.js:191:7)
14 verbose stack     at maybeClose (internal/child_process.js:850:16)
14 verbose stack     at Process.ChildProcess._handle.onexit (internal/child_process.js:215:5)
15 verbose pkgid @
16 verbose cwd /Users/V/Documents/code/6.3-backbone-contacts
17 error Darwin 15.5.0
18 error argv "/usr/local/Cellar/node/6.1.0/bin/node" "/usr/local/bin/npm" "run" "deploy"
19 error node v6.1.0
20 error npm  v3.8.6
21 error code ELIFECYCLE
22 error @ deploy: `npm run build && git-directory-deploy --directory dist/ && npm run deploy:done`
22 error Exit status 128
23 error Failed at the @ deploy script 'npm run build && git-directory-deploy --directory dist/ && npm run deploy:done'.
23 error Make sure you have the latest version of node.js and npm installed.
23 error If you do, this is most likely a problem with the  package,
23 error not with npm itself.
23 error Tell the author that this fails on your system:
23 error     npm run build && git-directory-deploy --directory dist/ && npm run deploy:done
23 error You can get information on how to open an issue for this project with:
23 error     npm bugs
23 error Or if that isn't available, you can get their info via:
23 error     npm owner ls
23 error There is likely additional logging output above.
24 verbose exit [ 1, true ]
